2025-06-19 15:33:40,001 - INFO - Starting news feed generation...
2025-06-19 15:33:40,001 - INFO - Fetching bitcoin articles...
2025-06-19 15:34:21,851 - INFO - Fetching ai_progress articles...
2025-06-19 15:34:54,587 - INFO - Fetching software_dev articles...
2025-06-19 15:35:43,467 - ERROR - Error parsing feed https://weblog.rubyonrails.org/feed/atom.xml: HTTPSConnectionPool(host='weblog.rubyonrails.org', port=443): Max retries exceeded with url: /feed/atom.xml (Caused by NameResolutionError("<urllib3.connection.HTTPSConnection object at 0x000001F8B5481100>: Failed to resolve 'weblog.rubyonrails.org' ([Errno 11001] getaddrinfo failed)"))
2025-06-19 15:35:43,467 - INFO - Fetched 70 articles
2025-06-19 15:35:43,795 - INFO - News feed saved to news_feed.json
2025-06-19 15:35:43,796 - ERROR - News feed generation failed: 'charmap' codec can't decode byte 0x9d in position 20666: character maps to <undefined>
2025-06-19 15:39:54,051 - INFO - Starting news feed generation...
2025-06-19 15:39:54,051 - INFO - Fetching bitcoin articles...
2025-06-19 15:40:35,396 - INFO - Fetching ai_progress articles...
2025-06-19 15:41:08,017 - INFO - Fetching software_dev articles...
2025-06-19 15:41:56,713 - ERROR - Error parsing feed https://weblog.rubyonrails.org/feed/atom.xml: HTTPSConnectionPool(host='weblog.rubyonrails.org', port=443): Max retries exceeded with url: /feed/atom.xml (Caused by NameResolutionError("<urllib3.connection.HTTPSConnection object at 0x00000129EF838470>: Failed to resolve 'weblog.rubyonrails.org' ([Errno 11001] getaddrinfo failed)"))
2025-06-19 15:41:56,713 - INFO - Fetched 70 articles
2025-06-19 15:41:57,037 - INFO - News feed saved to news_feed.json
2025-06-19 15:59:21,841 - INFO - Starting news feed generation...
2025-06-19 15:59:21,842 - INFO - Fetching bitcoin articles...
2025-06-19 16:00:04,964 - INFO - Fetching ai_progress articles...
2025-06-19 16:00:37,503 - INFO - Fetching software_dev articles...
2025-06-19 16:01:26,594 - ERROR - Error parsing feed https://weblog.rubyonrails.org/feed/atom.xml: HTTPSConnectionPool(host='weblog.rubyonrails.org', port=443): Max retries exceeded with url: /feed/atom.xml (Caused by NameResolutionError("<urllib3.connection.HTTPSConnection object at 0x000001F4CA06F020>: Failed to resolve 'weblog.rubyonrails.org' ([Errno 11001] getaddrinfo failed)"))
2025-06-19 16:01:26,594 - INFO - Fetched 70 articles
2025-06-19 16:01:26,934 - INFO - News feed saved to news_feed_2025-06-19_22-01-26.json
2025-06-19 16:01:49,205 - INFO - Skipping update - only 0.0 hours since last update (minimum: 6 hours)
2025-06-19 16:03:35,785 - INFO - Skipping update - only 0.0 hours since last update (minimum: 6 hours)
2025-06-19 16:07:39,554 - INFO - Skipping update - only 0.1 hours since last update (minimum: 6 hours)
2025-06-19 16:11:31,163 - INFO - Starting news feed generation...
2025-06-19 16:11:31,163 - INFO - Fetching bitcoin articles...
2025-06-19 16:12:12,765 - INFO - Fetching ai_progress articles...
2025-06-19 16:12:45,393 - INFO - Fetching software_dev articles...
2025-06-19 16:13:34,195 - ERROR - Error parsing feed https://weblog.rubyonrails.org/feed/atom.xml: HTTPSConnectionPool(host='weblog.rubyonrails.org', port=443): Max retries exceeded with url: /feed/atom.xml (Caused by NameResolutionError("<urllib3.connection.HTTPSConnection object at 0x00000270A9B69580>: Failed to resolve 'weblog.rubyonrails.org' ([Errno 11001] getaddrinfo failed)"))
2025-06-19 16:13:34,195 - INFO - Fetched 70 articles
2025-06-19 16:13:34,529 - INFO - News feed saved to public/news_feeds\2025\06\news_feed_2025-06-19_22-13-34.json
2025-06-19 16:14:12,715 - INFO - Skipping update - only 0.0 hours since last update (minimum: 6 hours)
2025-06-19 16:17:27,948 - INFO - Skipping update - only 0.1 hours since last update (minimum: 6 hours)
2025-06-19 16:18:13,731 - INFO - Skipping update - only 0.1 hours since last update (minimum: 6 hours)
2025-06-19 16:18:34,055 - INFO - Skipping update - only 0.1 hours since last update (minimum: 6 hours)
2025-06-19 22:27:09,064 - INFO - Starting news feed generation...
2025-06-19 22:27:09,065 - INFO - Fetching bitcoin articles...
2025-06-19 22:27:59,757 - INFO - Fetching ai_progress articles...
2025-06-19 22:28:32,426 - INFO - Fetching software_dev articles...
2025-06-19 22:29:21,483 - ERROR - Error parsing feed https://weblog.rubyonrails.org/feed/atom.xml: HTTPSConnectionPool(host='weblog.rubyonrails.org', port=443): Max retries exceeded with url: /feed/atom.xml (Caused by NameResolutionError("<urllib3.connection.HTTPSConnection object at 0x000001626DA48EF0>: Failed to resolve 'weblog.rubyonrails.org' ([Errno 11001] getaddrinfo failed)"))
2025-06-19 22:29:21,484 - INFO - Fetched 56 articles
2025-06-19 22:29:21,697 - INFO - News feed saved to ../../public/news_feeds\2025\06\news_feed_2025-06-20_04-29-21.json
